<?xml version="1.0" encoding="UTF-8"?>
<testng-results ignored="0" total="1" passed="1" failed="0" skipped="0">
  <reporter-output>
  </reporter-output>
  <suite started-at="2023-08-22T15:59:54 IST" name="Default suite" finished-at="2023-08-22T16:00:03 IST" duration-ms="9572">
    <groups>
    </groups>
    <test started-at="2023-08-22T15:59:54 IST" name="Default test" finished-at="2023-08-22T16:00:03 IST" duration-ms="9572">
      <class name="others.Datadriver">
        <test-method is-config="true" signature="setup()[pri:0, instance:others.Datadriver@5e0e82ae]" started-at="2023-08-22T15:59:54 IST" name="setup" finished-at="2023-08-22T15:59:56 IST" duration-ms="1734" status="PASS">
          <reporter-output>
          </reporter-output>
        </test-method> <!-- setup -->
        <test-method is-config="true" signature="start()[pri:0, instance:others.Datadriver@5e0e82ae]" started-at="2023-08-22T15:59:56 IST" name="start" finished-at="2023-08-22T15:59:59 IST" duration-ms="3291" status="PASS">
          <reporter-output>
          </reporter-output>
        </test-method> <!-- start -->
        <test-method signature="test()[pri:0, instance:others.Datadriver@5e0e82ae]" started-at="2023-08-22T15:59:59 IST" name="test" finished-at="2023-08-22T16:00:03 IST" duration-ms="4514" status="PASS">
          <reporter-output>
          </reporter-output>
        </test-method> <!-- test -->
      </class> <!-- others.Datadriver -->
    </test> <!-- Default test -->
  </suite> <!-- Default suite -->
</testng-results>
